<?xml version="1.0" encoding="UTF-8"?>
<testng-results skipped="0" failed="0" ignored="0" total="1" passed="1">
  <reporter-output>
  </reporter-output>
  <suite name="Default suite" duration-ms="26005" started-at="2020-06-01T01:45:07Z" finished-at="2020-06-01T01:45:33Z">
    <groups>
    </groups>
    <test name="Default test" duration-ms="26005" started-at="2020-06-01T01:45:07Z" finished-at="2020-06-01T01:45:33Z">
      <class name="com.sam.Chrome">
        <test-method status="PASS" signature="LaunchBrowser()[pri:0, instance:com.sam.Chrome@3bfdc050]" name="LaunchBrowser" duration-ms="25966" started-at="2020-06-01T07:15:07Z" finished-at="2020-06-01T07:15:33Z">
          <reporter-output>
          </reporter-output>
        </test-method> <!-- LaunchBrowser -->
      </class> <!-- com.sam.Chrome -->
    </test> <!-- Default test -->
  </suite> <!-- Default suite -->
</testng-results>
